<?xml version="1.0" encoding="UTF-8"?>
<!-- Generated by org.testng.reporters.JUnitXMLReporter -->
<testsuite hostname="PaxoTechWin7X64" name="ch" tests="14" failures="0" timestamp="18 Apr 2017 23:07:33 GMT" time="0.176" errors="0">
  <testcase name="@BeforeClass setUp" time="0.0" classname="Paxotech.com.Saksfifthavenue.AdvanceProject.HomePageFuntionality">
    <failure type="java.lang.NullPointerException">
      <![CDATA[java.lang.NullPointerException
	at factory.DriverFactory.getBrowser(DriverFactory.java:35)
	at Paxotech.com.Saksfifthavenue.AdvanceProject.ScriptBase.setUp(ScriptBase.java:31)
	at java.util.concurrent.FutureTask.run(Unknown Source)
	at java.util.concurrent.ThreadPoolExecutor.runWorker(Unknown Source)
	at java.util.concurrent.ThreadPoolExecutor$Worker.run(Unknown Source)
	at java.lang.Thread.run(Unknown Source)
... Removed 16 stack frames]]>
    </failure>
  </testcase> <!-- @BeforeClass setUp -->
  <testcase name="@AfterClass tearDown" time="0.0" classname="Paxotech.com.Saksfifthavenue.AdvanceProject.HomePageFuntionality">
    <skipped/>
  </testcase> <!-- @AfterClass tearDown -->
  <testcase name="verifyHomePage" time="0.004" classname="Paxotech.com.Saksfifthavenue.AdvanceProject.HomePageFuntionality">
    <skipped/>
  </testcase> <!-- verifyHomePage -->
  <testcase name="navigateToDesignersPage" time="0.002" classname="Paxotech.com.Saksfifthavenue.AdvanceProject.HomePageFuntionality">
    <skipped/>
  </testcase> <!-- navigateToDesignersPage -->
  <testcase name="navigateToWomensApparelPage" time="0.002" classname="Paxotech.com.Saksfifthavenue.AdvanceProject.HomePageFuntionality">
    <skipped/>
  </testcase> <!-- navigateToWomensApparelPage -->
  <testcase name="navigateToShoesPage" time="0.004" classname="Paxotech.com.Saksfifthavenue.AdvanceProject.HomePageFuntionality">
    <skipped/>
  </testcase> <!-- navigateToShoesPage -->
  <testcase name="navigateToHandbagsPage" time="0.004" classname="Paxotech.com.Saksfifthavenue.AdvanceProject.HomePageFuntionality">
    <skipped/>
  </testcase> <!-- navigateToHandbagsPage -->
  <testcase name="navigateToJewelryAccessoriesPage" time="0.005" classname="Paxotech.com.Saksfifthavenue.AdvanceProject.HomePageFuntionality">
    <skipped/>
  </testcase> <!-- navigateToJewelryAccessoriesPage -->
  <testcase name="navigateToBeautyPage" time="0.002" classname="Paxotech.com.Saksfifthavenue.AdvanceProject.HomePageFuntionality">
    <skipped/>
  </testcase> <!-- navigateToBeautyPage -->
  <testcase name="navigateToMenPage" time="0.001" classname="Paxotech.com.Saksfifthavenue.AdvanceProject.HomePageFuntionality">
    <skipped/>
  </testcase> <!-- navigateToMenPage -->
  <testcase name="navigateToKidsPage" time="0.002" classname="Paxotech.com.Saksfifthavenue.AdvanceProject.HomePageFuntionality">
    <skipped/>
  </testcase> <!-- navigateToKidsPage -->
  <testcase name="navigateToHomePage" time="0.002" classname="Paxotech.com.Saksfifthavenue.AdvanceProject.HomePageFuntionality">
    <skipped/>
  </testcase> <!-- navigateToHomePage -->
  <testcase name="navigateToSalePage" time="0.001" classname="Paxotech.com.Saksfifthavenue.AdvanceProject.HomePageFuntionality">
    <skipped/>
  </testcase> <!-- navigateToSalePage -->
  <testcase name="searchSaleItems" time="0.001" classname="Paxotech.com.Saksfifthavenue.AdvanceProject.HomePageFuntionality">
    <skipped/>
  </testcase> <!-- searchSaleItems -->
  <testcase name="navigateToSignInPage" time="0.001" classname="Paxotech.com.Saksfifthavenue.AdvanceProject.HomePageFuntionality">
    <skipped/>
  </testcase> <!-- navigateToSignInPage -->
  <testcase name="verifycreateAccountPageLink" time="0.001" classname="Paxotech.com.Saksfifthavenue.AdvanceProject.HomePageFuntionality">
    <skipped/>
  </testcase> <!-- verifycreateAccountPageLink -->
</testsuite> <!-- ch -->
