<?xml version="1.0" encoding="UTF-8"?>
<!-- Generated by org.testng.reporters.JUnitXMLReporter -->
<testsuite hostname="PaxoTechWin7X64" name="Test" tests="2" failures="0" timestamp="13 Mar 2017 17:50:47 GMT" time="20.972" errors="0">
  <testcase name="verifyHomePage" time="0.023" classname="Paxotech.com.Saksfifthavenue.AdvanceProject.HomePageFuntionality"/>
  <testcase name="navigateToSignInPage" time="11.362" classname="Paxotech.com.Saksfifthavenue.AdvanceProject.HomePageFuntionality"/>
</testsuite> <!-- Test -->
