<?xml version="1.0" encoding="UTF-8"?>
<testng-results skipped="14" failed="0" total="14" passed="0">
  <reporter-output>
  </reporter-output>
  <suite name="TestAll" duration-ms="212" started-at="2017-04-18T23:07:33Z" finished-at="2017-04-18T23:07:33Z">
    <groups>
    </groups>
    <test name="HomePageTest" duration-ms="5" started-at="2017-04-18T23:07:33Z" finished-at="2017-04-18T23:07:33Z">
    </test> <!-- HomePageTest -->
    <test name="ie" duration-ms="5" started-at="2017-04-18T23:07:33Z" finished-at="2017-04-18T23:07:33Z">
    </test> <!-- ie -->
    <test name="ch" duration-ms="176" started-at="2017-04-18T23:07:33Z" finished-at="2017-04-18T23:07:33Z">
      <class name="Paxotech.com.Saksfifthavenue.AdvanceProject.HomePageFuntionality">
        <test-method status="FAIL" signature="setUp(java.lang.String)[pri:0, instance:Paxotech.com.Saksfifthavenue.AdvanceProject.HomePageFuntionality@25bbe1b6]" name="setUp" is-config="true" duration-ms="0" started-at="2017-04-18T18:07:33Z" finished-at="2017-04-18T18:07:33Z">
          <params>
            <param index="0">
              <value>
                <![CDATA[ch]]>
              </value>
            </param>
          </params>
          <exception class="java.lang.NullPointerException">
            <full-stacktrace>
              <![CDATA[java.lang.NullPointerException
	at factory.DriverFactory.getBrowser(DriverFactory.java:35)
	at Paxotech.com.Saksfifthavenue.AdvanceProject.ScriptBase.setUp(ScriptBase.java:31)
	at sun.reflect.NativeMethodAccessorImpl.invoke0(Native Method)
	at sun.reflect.NativeMethodAccessorImpl.invoke(Unknown Source)
	at sun.reflect.DelegatingMethodAccessorImpl.invoke(Unknown Source)
	at java.lang.reflect.Method.invoke(Unknown Source)
	at org.testng.internal.MethodInvocationHelper.invokeMethod(MethodInvocationHelper.java:86)
	at org.testng.internal.Invoker.invokeConfigurationMethod(Invoker.java:514)
	at org.testng.internal.Invoker.invokeConfigurations(Invoker.java:215)
	at org.testng.internal.Invoker.invokeConfigurations(Invoker.java:142)
	at org.testng.internal.TestMethodWorker.invokeBeforeClassMethods(TestMethodWorker.java:178)
	at org.testng.internal.TestMethodWorker.run(TestMethodWorker.java:108)
	at org.testng.TestRunner.privateRun(TestRunner.java:782)
	at org.testng.TestRunner.run(TestRunner.java:632)
	at org.testng.SuiteRunner.runTest(SuiteRunner.java:366)
	at org.testng.SuiteRunner.access$000(SuiteRunner.java:39)
	at org.testng.SuiteRunner$SuiteWorker.run(SuiteRunner.java:400)
	at org.testng.internal.thread.ThreadUtil$2.call(ThreadUtil.java:64)
	at java.util.concurrent.FutureTask.run(Unknown Source)
	at java.util.concurrent.ThreadPoolExecutor.runWorker(Unknown Source)
	at java.util.concurrent.ThreadPoolExecutor$Worker.run(Unknown Source)
	at java.lang.Thread.run(Unknown Source)
]]>
            </full-stacktrace>
          </exception> <!-- java.lang.NullPointerException -->
          <reporter-output>
          </reporter-output>
        </test-method> <!-- setUp -->
        <test-method status="SKIP" signature="verifyHomePage()[pri:0, instance:Paxotech.com.Saksfifthavenue.AdvanceProject.HomePageFuntionality@25bbe1b6]" name="verifyHomePage" duration-ms="4" started-at="2017-04-18T18:07:33Z" finished-at="2017-04-18T18:07:33Z">
          <reporter-output>
          </reporter-output>
        </test-method> <!-- verifyHomePage -->
        <test-method status="SKIP" signature="navigateToDesignersPage()[pri:2, instance:Paxotech.com.Saksfifthavenue.AdvanceProject.HomePageFuntionality@25bbe1b6]" name="navigateToDesignersPage" duration-ms="2" started-at="2017-04-18T18:07:33Z" finished-at="2017-04-18T18:07:33Z">
          <reporter-output>
          </reporter-output>
        </test-method> <!-- navigateToDesignersPage -->
        <test-method status="SKIP" signature="navigateToWomensApparelPage()[pri:3, instance:Paxotech.com.Saksfifthavenue.AdvanceProject.HomePageFuntionality@25bbe1b6]" name="navigateToWomensApparelPage" duration-ms="2" started-at="2017-04-18T18:07:33Z" finished-at="2017-04-18T18:07:33Z">
          <reporter-output>
          </reporter-output>
        </test-method> <!-- navigateToWomensApparelPage -->
        <test-method status="SKIP" signature="navigateToShoesPage()[pri:4, instance:Paxotech.com.Saksfifthavenue.AdvanceProject.HomePageFuntionality@25bbe1b6]" name="navigateToShoesPage" duration-ms="4" started-at="2017-04-18T18:07:33Z" finished-at="2017-04-18T18:07:33Z">
          <reporter-output>
          </reporter-output>
        </test-method> <!-- navigateToShoesPage -->
        <test-method status="SKIP" signature="navigateToHandbagsPage()[pri:5, instance:Paxotech.com.Saksfifthavenue.AdvanceProject.HomePageFuntionality@25bbe1b6]" name="navigateToHandbagsPage" duration-ms="4" started-at="2017-04-18T18:07:33Z" finished-at="2017-04-18T18:07:33Z">
          <reporter-output>
          </reporter-output>
        </test-method> <!-- navigateToHandbagsPage -->
        <test-method status="SKIP" signature="navigateToJewelryAccessoriesPage()[pri:6, instance:Paxotech.com.Saksfifthavenue.AdvanceProject.HomePageFuntionality@25bbe1b6]" name="navigateToJewelryAccessoriesPage" duration-ms="5" started-at="2017-04-18T18:07:33Z" finished-at="2017-04-18T18:07:33Z">
          <reporter-output>
          </reporter-output>
        </test-method> <!-- navigateToJewelryAccessoriesPage -->
        <test-method status="SKIP" signature="navigateToBeautyPage()[pri:7, instance:Paxotech.com.Saksfifthavenue.AdvanceProject.HomePageFuntionality@25bbe1b6]" name="navigateToBeautyPage" duration-ms="2" started-at="2017-04-18T18:07:33Z" finished-at="2017-04-18T18:07:33Z">
          <reporter-output>
          </reporter-output>
        </test-method> <!-- navigateToBeautyPage -->
        <test-method status="SKIP" signature="navigateToMenPage()[pri:8, instance:Paxotech.com.Saksfifthavenue.AdvanceProject.HomePageFuntionality@25bbe1b6]" name="navigateToMenPage" duration-ms="1" started-at="2017-04-18T18:07:33Z" finished-at="2017-04-18T18:07:33Z">
          <reporter-output>
          </reporter-output>
        </test-method> <!-- navigateToMenPage -->
        <test-method status="SKIP" signature="navigateToKidsPage()[pri:9, instance:Paxotech.com.Saksfifthavenue.AdvanceProject.HomePageFuntionality@25bbe1b6]" name="navigateToKidsPage" duration-ms="2" started-at="2017-04-18T18:07:33Z" finished-at="2017-04-18T18:07:33Z">
          <reporter-output>
          </reporter-output>
        </test-method> <!-- navigateToKidsPage -->
        <test-method status="SKIP" signature="navigateToHomePage()[pri:10, instance:Paxotech.com.Saksfifthavenue.AdvanceProject.HomePageFuntionality@25bbe1b6]" name="navigateToHomePage" duration-ms="2" started-at="2017-04-18T18:07:33Z" finished-at="2017-04-18T18:07:33Z">
          <reporter-output>
          </reporter-output>
        </test-method> <!-- navigateToHomePage -->
        <test-method status="SKIP" signature="navigateToSalePage()[pri:11, instance:Paxotech.com.Saksfifthavenue.AdvanceProject.HomePageFuntionality@25bbe1b6]" name="navigateToSalePage" duration-ms="1" started-at="2017-04-18T18:07:33Z" finished-at="2017-04-18T18:07:33Z">
          <reporter-output>
          </reporter-output>
        </test-method> <!-- navigateToSalePage -->
        <test-method status="SKIP" signature="searchSaleItems()[pri:12, instance:Paxotech.com.Saksfifthavenue.AdvanceProject.HomePageFuntionality@25bbe1b6]" name="searchSaleItems" duration-ms="1" started-at="2017-04-18T18:07:33Z" finished-at="2017-04-18T18:07:33Z">
          <reporter-output>
          </reporter-output>
        </test-method> <!-- searchSaleItems -->
        <test-method status="SKIP" signature="navigateToSignInPage()[pri:13, instance:Paxotech.com.Saksfifthavenue.AdvanceProject.HomePageFuntionality@25bbe1b6]" name="navigateToSignInPage" duration-ms="1" started-at="2017-04-18T18:07:33Z" finished-at="2017-04-18T18:07:33Z">
          <reporter-output>
          </reporter-output>
        </test-method> <!-- navigateToSignInPage -->
        <test-method status="SKIP" signature="verifycreateAccountPageLink()[pri:14, instance:Paxotech.com.Saksfifthavenue.AdvanceProject.HomePageFuntionality@25bbe1b6]" name="verifycreateAccountPageLink" duration-ms="1" started-at="2017-04-18T18:07:33Z" finished-at="2017-04-18T18:07:33Z">
          <reporter-output>
          </reporter-output>
        </test-method> <!-- verifycreateAccountPageLink -->
        <test-method status="SKIP" signature="tearDown(java.lang.String)[pri:0, instance:Paxotech.com.Saksfifthavenue.AdvanceProject.HomePageFuntionality@25bbe1b6]" name="tearDown" is-config="true" duration-ms="0" started-at="2017-04-18T18:07:33Z" finished-at="2017-04-18T18:07:33Z">
          <reporter-output>
          </reporter-output>
        </test-method> <!-- tearDown -->
      </class> <!-- Paxotech.com.Saksfifthavenue.AdvanceProject.HomePageFuntionality -->
    </test> <!-- ch -->
  </suite> <!-- TestAll -->
</testng-results>
