<?xml version="1.0" encoding="UTF-8"?>
<!-- Generated by org.testng.reporters.JUnitXMLReporter -->
<testsuite hostname="PaxoTechWin7X64" name="HomePageTest" tests="14" failures="0" timestamp="18 Apr 2017 21:44:48 GMT" time="180.504" errors="0">
  <testcase name="verifyHomePage" time="0.135" classname="Paxotech.com.Saksfifthavenue.AdvanceProject.HomePageFuntionality"/>
  <testcase name="navigateToDesignersPage" time="16.64" classname="Paxotech.com.Saksfifthavenue.AdvanceProject.HomePageFuntionality"/>
  <testcase name="navigateToWomensApparelPage" time="16.877" classname="Paxotech.com.Saksfifthavenue.AdvanceProject.HomePageFuntionality"/>
  <testcase name="navigateToShoesPage" time="7.1" classname="Paxotech.com.Saksfifthavenue.AdvanceProject.HomePageFuntionality"/>
  <testcase name="navigateToHandbagsPage" time="16.055" classname="Paxotech.com.Saksfifthavenue.AdvanceProject.HomePageFuntionality"/>
  <testcase name="navigateToJewelryAccessoriesPage" time="16.098" classname="Paxotech.com.Saksfifthavenue.AdvanceProject.HomePageFuntionality"/>
  <testcase name="navigateToBeautyPage" time="16.229" classname="Paxotech.com.Saksfifthavenue.AdvanceProject.HomePageFuntionality"/>
  <testcase name="navigateToMenPage" time="16.647" classname="Paxotech.com.Saksfifthavenue.AdvanceProject.HomePageFuntionality"/>
  <testcase name="navigateToKidsPage" time="13.936" classname="Paxotech.com.Saksfifthavenue.AdvanceProject.HomePageFuntionality"/>
  <testcase name="navigateToHomePage" time="15.998" classname="Paxotech.com.Saksfifthavenue.AdvanceProject.HomePageFuntionality"/>
  <testcase name="navigateToSalePage" time="16.049" classname="Paxotech.com.Saksfifthavenue.AdvanceProject.HomePageFuntionality"/>
  <testcase name="searchSaleItems" time="0.286" classname="Paxotech.com.Saksfifthavenue.AdvanceProject.HomePageFuntionality"/>
  <testcase name="navigateToSignInPage" time="6.576" classname="Paxotech.com.Saksfifthavenue.AdvanceProject.HomePageFuntionality"/>
  <testcase name="verifycreateAccountPageLink" time="6.801" classname="Paxotech.com.Saksfifthavenue.AdvanceProject.HomePageFuntionality"/>
</testsuite> <!-- HomePageTest -->
